0 info it worked if it ends with ok
1 verbose cli [ '/usr/bin/node', '/usr/bin/npm', 'run', 'test' ]
2 info using npm@3.5.2
3 info using node@v8.10.0
4 verbose run-script [ 'pretest', 'test', 'posttest' ]
5 info lifecycle cipher@1.0.0~pretest: cipher@1.0.0
6 verbose lifecycle cipher@1.0.0~pretest: unsafe-perm in lifecycle true
7 verbose lifecycle cipher@1.0.0~pretest: PATH: /usr/share/npm/bin/node-gyp-bin:/home/julia/Área de Trabalho/SAP003-cipher/node_modules/.bin:/usr/local/sbin:/usr/local/bin:/usr/sbin:/usr/bin:/sbin:/bin:/usr/games:/usr/local/games:/snap/bin
8 verbose lifecycle cipher@1.0.0~pretest: CWD: /home/julia/Área de Trabalho/SAP003-cipher
9 silly lifecycle cipher@1.0.0~pretest: Args: [ '-c', 'npm run eslint' ]
10 silly lifecycle cipher@1.0.0~pretest: Returned: code: 0  signal: null
11 info lifecycle cipher@1.0.0~test: cipher@1.0.0
12 verbose lifecycle cipher@1.0.0~test: unsafe-perm in lifecycle true
13 verbose lifecycle cipher@1.0.0~test: PATH: /usr/share/npm/bin/node-gyp-bin:/home/julia/Área de Trabalho/SAP003-cipher/node_modules/.bin:/usr/local/sbin:/usr/local/bin:/usr/sbin:/usr/bin:/sbin:/bin:/usr/games:/usr/local/games:/snap/bin
14 verbose lifecycle cipher@1.0.0~test: CWD: /home/julia/Área de Trabalho/SAP003-cipher
15 silly lifecycle cipher@1.0.0~test: Args: [ '-c', 'npm run test-node --silent && npm run test-browser' ]
16 silly lifecycle cipher@1.0.0~test: Returned: code: 1  signal: null
17 info lifecycle cipher@1.0.0~test: Failed to exec test script
18 verbose stack Error: cipher@1.0.0 test: `npm run test-node --silent && npm run test-browser`
18 verbose stack Exit status 1
18 verbose stack     at EventEmitter.<anonymous> (/usr/share/npm/lib/utils/lifecycle.js:232:16)
18 verbose stack     at emitTwo (events.js:126:13)
18 verbose stack     at EventEmitter.emit (events.js:214:7)
18 verbose stack     at ChildProcess.<anonymous> (/usr/share/npm/lib/utils/spawn.js:24:14)
18 verbose stack     at emitTwo (events.js:126:13)
18 verbose stack     at ChildProcess.emit (events.js:214:7)
18 verbose stack     at maybeClose (internal/child_process.js:925:16)
18 verbose stack     at Process.ChildProcess._handle.onexit (internal/child_process.js:209:5)
19 verbose pkgid cipher@1.0.0
20 verbose cwd /home/julia/Área de Trabalho/SAP003-cipher
21 error Linux 5.0.0-25-generic
22 error argv "/usr/bin/node" "/usr/bin/npm" "run" "test"
23 error node v8.10.0
24 error npm  v3.5.2
25 error code ELIFECYCLE
26 error cipher@1.0.0 test: `npm run test-node --silent && npm run test-browser`
26 error Exit status 1
27 error Failed at the cipher@1.0.0 test script 'npm run test-node --silent && npm run test-browser'.
27 error Make sure you have the latest version of node.js and npm installed.
27 error If you do, this is most likely a problem with the cipher package,
27 error not with npm itself.
27 error Tell the author that this fails on your system:
27 error     npm run test-node --silent && npm run test-browser
27 error You can get information on how to open an issue for this project with:
27 error     npm bugs cipher
27 error Or if that isn't available, you can get their info via:
27 error     npm owner ls cipher
27 error There is likely additional logging output above.
28 verbose exit [ 1, true ]
