0 info it worked if it ends with ok
1 verbose cli [ '/usr/bin/node', '/usr/bin/npm', 'run', 'test' ]
2 info using npm@3.5.2
3 info using node@v8.10.0
4 verbose run-script [ 'pretest', 'test', 'posttest' ]
5 info lifecycle cipher@1.0.0~pretest: cipher@1.0.0
6 verbose lifecycle cipher@1.0.0~pretest: unsafe-perm in lifecycle true
7 verbose lifecycle cipher@1.0.0~pretest: PATH: /usr/share/npm/bin/node-gyp-bin:/home/julia/Área de Trabalho/SAP003-cipher/node_modules/.bin:/usr/local/sbin:/usr/local/bin:/usr/sbin:/usr/bin:/sbin:/bin:/usr/games:/usr/local/games:/snap/bin
8 verbose lifecycle cipher@1.0.0~pretest: CWD: /home/julia/Área de Trabalho/SAP003-cipher
9 silly lifecycle cipher@1.0.0~pretest: Args: [ '-c', 'npm run eslint' ]
10 silly lifecycle cipher@1.0.0~pretest: Returned: code: 1  signal: null
11 info lifecycle cipher@1.0.0~pretest: Failed to exec pretest script
12 verbose stack Error: cipher@1.0.0 pretest: `npm run eslint`
12 verbose stack Exit status 1
12 verbose stack     at EventEmitter.<anonymous> (/usr/share/npm/lib/utils/lifecycle.js:232:16)
12 verbose stack     at emitTwo (events.js:126:13)
12 verbose stack     at EventEmitter.emit (events.js:214:7)
12 verbose stack     at ChildProcess.<anonymous> (/usr/share/npm/lib/utils/spawn.js:24:14)
12 verbose stack     at emitTwo (events.js:126:13)
12 verbose stack     at ChildProcess.emit (events.js:214:7)
12 verbose stack     at maybeClose (internal/child_process.js:925:16)
12 verbose stack     at Process.ChildProcess._handle.onexit (internal/child_process.js:209:5)
13 verbose pkgid cipher@1.0.0
14 verbose cwd /home/julia/Área de Trabalho/SAP003-cipher/src
15 error Linux 5.0.0-25-generic
16 error argv "/usr/bin/node" "/usr/bin/npm" "run" "test"
17 error node v8.10.0
18 error npm  v3.5.2
19 error code ELIFECYCLE
20 error cipher@1.0.0 pretest: `npm run eslint`
20 error Exit status 1
21 error Failed at the cipher@1.0.0 pretest script 'npm run eslint'.
21 error Make sure you have the latest version of node.js and npm installed.
21 error If you do, this is most likely a problem with the cipher package,
21 error not with npm itself.
21 error Tell the author that this fails on your system:
21 error     npm run eslint
21 error You can get information on how to open an issue for this project with:
21 error     npm bugs cipher
21 error Or if that isn't available, you can get their info via:
21 error     npm owner ls cipher
21 error There is likely additional logging output above.
22 verbose exit [ 1, true ]
